<?xml version='1.0' encoding='UTF-8'?>
<testsuite hostname="SanFrancisco" name="GroovyTestRunner" tests="1" errors="0" failures="1" time="-0.001">
                <properties>
[...]
</properties>
                <testcase classname="GroovyTestRunner" name="runGroovyTests" time="-0.001"> <failure message="
Expected: &lt;0&gt;
     got: &lt;1&gt;
" type="java.lang.AssertionError">java.lang.AssertionError: 
Expected: &lt;0&gt;
     got: &lt;1&gt;

	at org.junit.Assert.assertThat(Assert.java:780)
	at org.junit.Assert.assertThat(Assert.java:738)
	at GroovyTestRunner.runGroovyTests(GroovyTestRunner.scala:17)
	at sun.reflect.NativeMethodAccessorImpl.invoke0(Native Method)
	at sun.reflect.NativeMethodAccessorImpl.invoke(NativeMethodAccessorImpl.java:57)
	at sun.reflect.DelegatingMethodAccessorImpl.invoke(DelegatingMethodAccessorImpl.java:43)
	at java.lang.reflect.Method.invoke(Method.java:606)
	at org.junit.runners.model.FrameworkMethod$1.runReflectiveCall(FrameworkMethod.java:45)
	at org.junit.internal.runners.model.ReflectiveCallable.run(ReflectiveCallable.java:15)
	at org.junit.runners.model.FrameworkMethod.invokeExplosively(FrameworkMethod.java:42)
	at org.junit.internal.runners.statements.InvokeMethod.evaluate(InvokeMethod.java:20)
	at org.junit.runners.ParentRunner.runLeaf(ParentRunner.java:263)
	at org.junit.runners.BlockJUnit4ClassRunner.runChild(BlockJUnit4ClassRunner.java:68)
	at org.junit.runners.BlockJUnit4ClassRunner.runChild(BlockJUnit4ClassRunner.java:47)
	at org.junit.runners.ParentRunner$3.run(ParentRunner.java:231)
	at org.junit.runners.ParentRunner$1.schedule(ParentRunner.java:60)
	at org.junit.runners.ParentRunner.runChildren(ParentRunner.java:229)
	at org.junit.runners.ParentRunner.access$000(ParentRunner.java:50)
	at org.junit.runners.ParentRunner$2.evaluate(ParentRunner.java:222)
	at org.junit.runners.ParentRunner.run(ParentRunner.java:300)
	at org.junit.runners.Suite.runChild(Suite.java:128)
	at org.junit.runners.Suite.runChild(Suite.java:24)
	at org.junit.runners.ParentRunner$3.run(ParentRunner.java:231)
	at org.junit.runners.ParentRunner$1.schedule(ParentRunner.java:60)
	at org.junit.runners.ParentRunner.runChildren(ParentRunner.java:229)
	at org.junit.runners.ParentRunner.access$000(ParentRunner.java:50)
	at org.junit.runners.ParentRunner$2.evaluate(ParentRunner.java:222)
	at org.junit.runners.ParentRunner.run(ParentRunner.java:300)
	at org.junit.runner.JUnitCore.run(JUnitCore.java:157)
	at org.junit.runner.JUnitCore.run(JUnitCore.java:136)
	at com.novocode.junit.JUnitRunner.run(JUnitRunner.java:90)
	at sbt.RunnerWrapper$1.runRunner2(FrameworkWrapper.java:223)
	at sbt.RunnerWrapper$1.execute(FrameworkWrapper.java:236)
	at sbt.TestRunner.runTest$1(TestFramework.scala:84)
	at sbt.TestRunner.run(TestFramework.scala:94)
	at sbt.TestFramework$$anon$2$$anonfun$$init$$1$$anonfun$apply$8.apply(TestFramework.scala:219)
	at sbt.TestFramework$$anon$2$$anonfun$$init$$1$$anonfun$apply$8.apply(TestFramework.scala:219)
	at sbt.TestFramework$.sbt$TestFramework$$withContextLoader(TestFramework.scala:207)
	at sbt.TestFramework$$anon$2$$anonfun$$init$$1.apply(TestFramework.scala:219)
	at sbt.TestFramework$$anon$2$$anonfun$$init$$1.apply(TestFramework.scala:219)
	at sbt.TestFunction.apply(TestFramework.scala:224)
	at sbt.Tests$$anonfun$7.apply(Tests.scala:196)
	at sbt.Tests$$anonfun$7.apply(Tests.scala:196)
	at sbt.std.Transform$$anon$3$$anonfun$apply$2.apply(System.scala:45)
	at sbt.std.Transform$$anon$3$$anonfun$apply$2.apply(System.scala:45)
	at sbt.std.Transform$$anon$4.work(System.scala:64)
	at sbt.Execute$$anonfun$submit$1$$anonfun$apply$1.apply(Execute.scala:237)
	at sbt.Execute$$anonfun$submit$1$$anonfun$apply$1.apply(Execute.scala:237)
	at sbt.ErrorHandling$.wideConvert(ErrorHandling.scala:18)
	at sbt.Execute.work(Execute.scala:244)
	at sbt.Execute$$anonfun$submit$1.apply(Execute.scala:237)
	at sbt.Execute$$anonfun$submit$1.apply(Execute.scala:237)
	at sbt.ConcurrentRestrictions$$anon$4$$anonfun$1.apply(ConcurrentRestrictions.scala:160)
	at sbt.CompletionService$$anon$2.call(CompletionService.scala:30)
	at java.util.concurrent.FutureTask.run(FutureTask.java:262)
	at java.util.concurrent.Executors$RunnableAdapter.call(Executors.java:471)
	at java.util.concurrent.FutureTask.run(FutureTask.java:262)
	at java.util.concurrent.ThreadPoolExecutor.runWorker(ThreadPoolExecutor.java:1145)
	at java.util.concurrent.ThreadPoolExecutor$Worker.run(ThreadPoolExecutor.java:615)
	at java.lang.Thread.run(Thread.java:744)
</failure>
                    </testcase>
                <system-out></system-out>
                <system-err></system-err>
                </testsuite>